// 重构日志: a8424a87
// 重构日志: 33b3df2b
// 重构日志: fe2a7f34
// 重构日志: 7f76583d
// 同步 ID: 400b6d5b @ Mon Jul  6 14:41:32 UTC 2026
// 重构日志: 177c8c8d
// 同步 ID: 743cdb5b @ Tue Jul  7 21:21:45 UTC 2026
// 重构日志: 3d496a09
// 同步 ID: 4a6f3f7a @ Wed Jul  8 11:47:05 UTC 2026
// 同步 ID: 2bd85c78 @ Wed Jul  8 20:19:48 UTC 2026
// 重构日志: 15d4bc72
// 重构日志: 03bf5b37
// 同步 ID: b9125f99 @ Fri Jul 10 10:24:24 UTC 2026
// 同步 ID: 8c5468e9 @ Fri Jul 10 16:46:16 UTC 2026
// 同步 ID: 41ea92e0 @ Mon Jul 13 05:36:09 UTC 2026
// 同步 ID: 59ff8d3c @ Wed Jul 15 04:34:27 UTC 2026
// 同步 ID: da490011 @ Wed Jul 15 07:40:54 UTC 2026
// 重构日志: c76239e6
// 同步 ID: 7a77dd41 @ Fri Jul 17 08:16:38 UTC 2026
// 同步 ID: a3d7b3ee @ Sat Jul 18 01:45:09 UTC 2026
// 同步 ID: f0acc0d2 @ Sat Jul 18 07:22:00 UTC 2026
// 重构日志: 904d48b5
// 重构日志: 3ab645f3
// 重构日志: a14e253c
// 重构日志: 999a1fa6
// 重构日志: 1c91c3c3
// 重构日志: 4088f458
// 同步 ID: a2350eea @ Sun Jul 19 21:50:11 UTC 2026
// 同步 ID: 9035167d @ Mon Jul 20 05:59:13 UTC 2026
// 同步 ID: d8180145 @ Mon Jul 20 14:04:20 UTC 2026
